<?xml version="1.0" encoding="UTF-8"?>
<!-- Generated by org.testng.reporters.JUnitXMLReporter -->
<testsuite hostname="NODE49" name="FirefoxTest" tests="1" failures="1" timestamp="16 Dec 2014 10:26:28 GMT" time="77.216" errors="0">
  <testcase name="verifyLoginTest" time="38.799" classname="com.framework.project.classes.GmailLoginTest">
    <failure type="testlink.api.java.client.TestLinkAPIException" message="
The xml-rpc call to TestLink API method tl.getProjects failed.
Result[0] = {message=Can not authenticate client: invalid developer key, code=2000}
">
      <![CDATA[testlink.api.java.client.TestLinkAPIException: 
The xml-rpc call to TestLink API method tl.getProjects failed.
Result[0] = {message=Can not authenticate client: invalid developer key, code=2000}

	at testlink.api.java.client.TestLinkAPIClient.execXmlRpcMethodWithCache(TestLinkAPIClient.java:1209)
	at testlink.api.java.client.TestLinkAPIClient.getProjects(TestLinkAPIClient.java:726)
	at testlink.api.java.client.TestLinkAPIHelper.getProjectInfo(TestLinkAPIHelper.java:64)
	at testlink.api.java.client.TestLinkAPIHelper.getProjectID(TestLinkAPIHelper.java:48)
	at testlink.api.java.client.TestLinkAPIClient.reportTestCaseResult(TestLinkAPIClient.java:184)
	at com.framework.project.util.ApplicationUtility.launchApplication(ApplicationUtility.java:80)
	at com.framework.project.classes.GmailLoginTest.verifyLoginTest(GmailLoginTest.java:21)
... Removed 24 stack frames]]>
    </failure>
  </testcase> <!-- verifyLoginTest -->
</testsuite> <!-- FirefoxTest -->
