<?xml version="1.0" encoding="UTF-8"?>
<testng-results skipped="0" failed="0" total="1" passed="1">
  <reporter-output>
  </reporter-output>
  <suite name="Default suite" duration-ms="30951" started-at="2014-11-20T09:45:45Z" finished-at="2014-11-20T09:46:16Z">
    <groups>
    </groups>
    <test name="Default test" duration-ms="30951" started-at="2014-11-20T09:45:45Z" finished-at="2014-11-20T09:46:16Z">
      <class name="com.framework.project.classes.GmailLogin">
        <test-method status="PASS" signature="setUp()[pri:0, instance:com.framework.project.classes.GmailLogin@35175422]" name="setUp" is-config="true" duration-ms="15974" started-at="2014-11-20T15:15:45Z" finished-at="2014-11-20T15:16:01Z">
          <reporter-output>
          </reporter-output>
        </test-method> <!-- setUp -->
        <test-method status="PASS" signature="verifyLoginTest()[pri:0, instance:com.framework.project.classes.GmailLogin@35175422]" name="verifyLoginTest" duration-ms="14336" started-at="2014-11-20T15:16:01Z" finished-at="2014-11-20T15:16:15Z">
          <reporter-output>
          </reporter-output>
        </test-method> <!-- verifyLoginTest -->
        <test-method status="PASS" signature="tearDown()[pri:0, instance:com.framework.project.classes.GmailLogin@35175422]" name="tearDown" is-config="true" duration-ms="614" started-at="2014-11-20T15:16:15Z" finished-at="2014-11-20T15:16:16Z">
          <reporter-output>
          </reporter-output>
        </test-method> <!-- tearDown -->
      </class> <!-- com.framework.project.classes.GmailLogin -->
    </test> <!-- Default test -->
  </suite> <!-- Default suite -->
</testng-results>
