<?xml version="1.0" encoding="UTF-8"?>
<testng-results skipped="0" failed="0" total="1" passed="1">
  <reporter-output>
  </reporter-output>
  <suite name="Default suite" duration-ms="91387" started-at="2014-12-16T10:40:18Z" finished-at="2014-12-16T10:41:50Z">
    <groups>
    </groups>
    <test name="Default test" duration-ms="91387" started-at="2014-12-16T10:40:18Z" finished-at="2014-12-16T10:41:50Z">
      <class name="com.framework.project.classes.GmailLoginTest">
        <test-method status="PASS" signature="setUp()[pri:0, instance:com.framework.project.classes.GmailLoginTest@62f47396]" name="setUp" is-config="true" duration-ms="33433" started-at="2014-12-16T16:10:18Z" finished-at="2014-12-16T16:10:52Z">
          <reporter-output>
          </reporter-output>
        </test-method> <!-- setUp -->
        <test-method status="PASS" signature="verifyLoginTest()[pri:0, instance:com.framework.project.classes.GmailLoginTest@62f47396]" name="verifyLoginTest" duration-ms="57916" started-at="2014-12-16T16:10:52Z" finished-at="2014-12-16T16:11:50Z">
          <reporter-output>
          </reporter-output>
        </test-method> <!-- verifyLoginTest -->
      </class> <!-- com.framework.project.classes.GmailLoginTest -->
    </test> <!-- Default test -->
  </suite> <!-- Default suite -->
</testng-results>
